[11-Apr-2024 10:31:38] NOTICE: fpm is running, pid 27355
[11-Apr-2024 10:31:38] NOTICE: ready to handle connections
[11-Apr-2024 10:33:23] NOTICE: Terminating ...
[11-Apr-2024 10:33:23] NOTICE: Terminating ...
[11-Apr-2024 10:33:23] NOTICE: exiting, bye-bye!
[23-Apr-2024 13:19:17] NOTICE: fpm is running, pid 14106
[23-Apr-2024 13:19:17] NOTICE: ready to handle connections
[29-Apr-2024 11:32:48] NOTICE: Terminating ...
[29-Apr-2024 11:32:48] NOTICE: Terminating ...
[29-Apr-2024 11:32:48] NOTICE: exiting, bye-bye!
[07-May-2024 14:01:05] NOTICE: fpm is running, pid 34031
[07-May-2024 14:01:05] NOTICE: ready to handle connections
[07-May-2024 14:53:15] NOTICE: Terminating ...
[07-May-2024 14:53:15] NOTICE: Terminating ...
[07-May-2024 14:53:15] NOTICE: exiting, bye-bye!
[07-May-2024 14:57:36] NOTICE: fpm is running, pid 38437
[07-May-2024 14:57:36] NOTICE: ready to handle connections
[09-May-2024 10:33:51] NOTICE: Terminating ...
[09-May-2024 10:33:51] NOTICE: Terminating ...
[09-May-2024 10:33:51] NOTICE: exiting, bye-bye!
[09-May-2024 12:35:17] NOTICE: fpm is running, pid 27501
[09-May-2024 12:35:17] NOTICE: ready to handle connections
[09-May-2024 12:37:18] NOTICE: Terminating ...
[09-May-2024 12:37:18] NOTICE: Terminating ...
[09-May-2024 12:37:18] NOTICE: exiting, bye-bye!
[09-May-2024 12:37:19] NOTICE: fpm is running, pid 27789
[09-May-2024 12:37:19] NOTICE: ready to handle connections
[09-May-2024 12:37:43] NOTICE: Terminating ...
[09-May-2024 12:37:43] NOTICE: Terminating ...
[09-May-2024 12:37:43] NOTICE: exiting, bye-bye!
[09-May-2024 12:37:45] NOTICE: fpm is running, pid 27874
[09-May-2024 12:37:45] NOTICE: ready to handle connections
[09-May-2024 12:39:11] NOTICE: Terminating ...
[09-May-2024 12:39:11] NOTICE: Terminating ...
[09-May-2024 12:39:11] NOTICE: exiting, bye-bye!
[09-May-2024 12:39:12] NOTICE: fpm is running, pid 28035
[09-May-2024 12:39:12] NOTICE: ready to handle connections
[09-May-2024 12:41:12] NOTICE: Terminating ...
[09-May-2024 12:41:12] NOTICE: Terminating ...
[09-May-2024 12:41:12] NOTICE: exiting, bye-bye!
[09-May-2024 12:41:13] NOTICE: fpm is running, pid 28206
[09-May-2024 12:41:13] NOTICE: ready to handle connections
[09-May-2024 12:41:45] NOTICE: Terminating ...
[09-May-2024 12:41:45] NOTICE: Terminating ...
[09-May-2024 12:41:45] NOTICE: exiting, bye-bye!
[09-May-2024 12:41:47] NOTICE: fpm is running, pid 28286
[09-May-2024 12:41:47] NOTICE: ready to handle connections
[09-May-2024 12:42:09] NOTICE: Terminating ...
[09-May-2024 12:42:09] NOTICE: Terminating ...
[09-May-2024 12:42:09] NOTICE: exiting, bye-bye!
[09-May-2024 12:42:10] NOTICE: fpm is running, pid 28352
[09-May-2024 12:42:10] NOTICE: ready to handle connections
[09-May-2024 12:42:26] NOTICE: Terminating ...
[09-May-2024 12:42:26] NOTICE: Terminating ...
[09-May-2024 12:42:26] NOTICE: exiting, bye-bye!
[09-May-2024 12:42:27] NOTICE: fpm is running, pid 28400
[09-May-2024 12:42:27] NOTICE: ready to handle connections
[09-May-2024 12:42:48] NOTICE: Terminating ...
[09-May-2024 12:42:48] NOTICE: Terminating ...
[09-May-2024 12:42:48] NOTICE: exiting, bye-bye!
[09-May-2024 12:42:50] NOTICE: fpm is running, pid 28466
[09-May-2024 12:42:50] NOTICE: ready to handle connections
[09-May-2024 12:45:09] NOTICE: Terminating ...
[09-May-2024 12:45:09] NOTICE: Terminating ...
[09-May-2024 12:45:09] NOTICE: exiting, bye-bye!
[09-May-2024 12:45:11] NOTICE: fpm is running, pid 29333
[09-May-2024 12:45:11] NOTICE: ready to handle connections
[09-May-2024 12:46:02] NOTICE: Terminating ...
[09-May-2024 12:46:02] NOTICE: Terminating ...
[09-May-2024 12:46:02] NOTICE: exiting, bye-bye!
[09-May-2024 12:46:04] NOTICE: fpm is running, pid 29457
[09-May-2024 12:46:04] NOTICE: ready to handle connections
[09-May-2024 12:50:04] NOTICE: Terminating ...
[09-May-2024 12:50:04] NOTICE: Terminating ...
[09-May-2024 12:50:04] NOTICE: exiting, bye-bye!
[09-May-2024 12:50:05] NOTICE: fpm is running, pid 29836
[09-May-2024 12:50:05] NOTICE: ready to handle connections
[09-May-2024 12:56:03] NOTICE: Terminating ...
[09-May-2024 12:56:03] NOTICE: Terminating ...
[09-May-2024 12:56:03] NOTICE: exiting, bye-bye!
[09-May-2024 12:56:04] NOTICE: fpm is running, pid 30424
[09-May-2024 12:56:04] NOTICE: ready to handle connections
[09-May-2024 12:57:53] NOTICE: Terminating ...
[09-May-2024 12:57:53] NOTICE: Terminating ...
[09-May-2024 12:57:53] NOTICE: exiting, bye-bye!
[09-May-2024 12:57:55] NOTICE: fpm is running, pid 30619
[09-May-2024 12:57:55] NOTICE: ready to handle connections
[09-May-2024 12:58:32] NOTICE: Terminating ...
[09-May-2024 12:58:32] NOTICE: Terminating ...
[09-May-2024 12:58:32] NOTICE: exiting, bye-bye!
[09-May-2024 12:58:33] NOTICE: fpm is running, pid 30698
[09-May-2024 12:58:33] NOTICE: ready to handle connections
[09-May-2024 14:20:55] NOTICE: Terminating ...
[09-May-2024 14:20:55] NOTICE: Terminating ...
[09-May-2024 14:20:55] NOTICE: exiting, bye-bye!
[14-May-2024 11:41:42] NOTICE: fpm is running, pid 81988
[14-May-2024 11:41:42] NOTICE: ready to handle connections
[22-May-2024 09:29:48] NOTICE: Terminating ...
[22-May-2024 09:29:48] NOTICE: Terminating ...
[22-May-2024 09:29:48] NOTICE: exiting, bye-bye!
[26-May-2024 18:22:21] NOTICE: fpm is running, pid 24312
[26-May-2024 18:22:21] NOTICE: ready to handle connections
